#
# A fatal error has been detected by the Java Runtime Environment:
#
#  EXCEPTION_ACCESS_VIOLATION (0xc0000005) at pc=0x00007ffb62c926c4, pid=9388, tid=15480
#
# JRE version: Java(TM) SE Runtime Environment (24.0+36) (build 24+36-3646)
# Java VM: Java HotSpot(TM) 64-Bit Server VM (24+36-3646, mixed mode, sharing, tiered, compressed oops, compressed class ptrs, g1 gc, windows-amd64)
# Problematic frame:
# C  [libasyncProfiler.dll+0x926c4]
#
# No core dump will be written. Minidumps are not enabled by default on client versions of Windows
#
# If you would like to submit a bug report, please visit:
#   https://bugreport.java.com/bugreport/crash.jsp
# The crash happened outside the Java Virtual Machine in native code.
# See problematic frame for where to report the bug.
#

---------------  S U M M A R Y ------------

Command Line: -agentlib:jdwp=transport=dt_socket,address=127.0.0.1:49543,suspend=y,server=n -javaagent:C:\Users\Lenovo\AppData\Local\JetBrains\IntelliJIdea2025.1\captureAgent\debugger-agent.jar=file:///C:/Users/Lenovo/AppData/Local/Temp/capture17211858220396136429.props -ea -agentpath:C:\Users\Lenovo\AppData\Local\Temp\idea_libasyncProfiler_dll_temp_folder1\libasyncProfiler.dll=version,jfr,event=wall,interval=10ms,cstack=no,file=C:\Users\Lenovo\IdeaSnapshots\CursoTest_consultarPorId_2025_12_06_185208.jfr,dbghelppath=C:\Users\Lenovo\AppData\Local\Temp\idea_dbghelp_dll_temp_folder\dbghelp.dll,log=C:\Users\Lenovo\AppData\Local\Temp\CursoTest_consultarPorId_2025_12_06_185208.jfr.log.txt,logLevel=DEBUG -Didea.test.cyclic.buffer.size=1048576 -Dkotlinx.coroutines.debug.enable.creation.stack.trace=false -Ddebugger.agent.enable.coroutines=true -Dkotlinx.coroutines.debug.enable.flows.stack.trace=true -Dkotlinx.coroutines.debug.enable.mutable.state.flows.stack.trace=true -Dfile.encoding=UTF-8 -Dsun.stdout.encoding=UTF-8 -Dsun.stderr.encoding=UTF-8 com.intellij.rt.junit.JUnitStarter -ideVersion5 -junit5 br.com.carlosbrito.CursoTest,consultarPorId

Host: Intel(R) Core(TM) i7-8650U CPU @ 1.90GHz, 8 cores, 15G,  Windows 11 , 64 bit Build 26100 (10.0.26100.7019)
Time: Sat Dec  6 18:53:34 2025 Hora oficial do Brasil elapsed time: 86.611560 seconds (0d 0h 1m 26s)

---------------  T H R E A D  ---------------

Current thread (0x0000021c2d9daf20):  JavaThread "Attach Listener" daemon [_thread_in_native, id=15480, stack(0x0000009a10000000,0x0000009a10100000) (1024K)]

Stack: [0x0000009a10000000,0x0000009a10100000],  sp=0x0000009a100fefe0,  free space=1019k
Native frames: (J=compiled Java code, j=interpreted, Vv=VM code, C=native code)
C  [libasyncProfiler.dll+0x926c4]  (no source info available)
C  [libasyncProfiler.dll+0x92b9b]  (no source info available)
C  [libasyncProfiler.dll+0x917f4]  (no source info available)
C  [libasyncProfiler.dll+0x9206a]  (no source info available)
C  [libasyncProfiler.dll+0x8cc21]  (no source info available)
C  [libasyncProfiler.dll+0x7e5e1]  (no source info available)
C  [libasyncProfiler.dll+0x7d2f8]  (no source info available)
C  [libasyncProfiler.dll+0x7d1e0]  (no source info available)
C  [libasyncProfiler.dll+0x841b9]  (no source info available)
V  [jvm.dll+0x57f1b7]  (no source info available)
V  [jvm.dll+0x57ff2c]  (no source info available)
V  [jvm.dll+0x14c9b7]  (no source info available)
V  [jvm.dll+0x14df81]  (no source info available)
V  [jvm.dll+0x42f566]  (no source info available)
V  [jvm.dll+0x87d8fb]  (no source info available)
V  [jvm.dll+0x72efe5]  (no source info available)
C  [ucrtbase.dll+0x37b0]  (no source info available)
C  [KERNEL32.DLL+0x2e8d7]  (no source info available)
C  [ntdll.dll+0x8c53c]  (no source info available)


siginfo: EXCEPTION_ACCESS_VIOLATION (0xc0000005), reading address 0xffffffffffffffff


Registers:
RAX=0x0000000000000010, RBX=0x0000000000000000, RCX=0xffffffffffffffff, RDX=0x007ffb437f2ff010
RSP=0x0000009a100fefe0, RBP=0x0000021c2da129b0, RSI=0x0000009a100ff150, RDI=0x0000021c2da129b0
R8 =0x0000000000000042, R9 =0x000000070215a818, R10=0x00007ffb43a69fc0, R11=0x000000000000016a
R12=0x0000009a100ff150, R13=0x0000021c0d769c70, R14=0x0000021c2d9db2e8, R15=0x0000021c2d9db2e8
RIP=0x00007ffb62c926c4, EFLAGS=0x0000000000010202

XMM[0]=0x0000000000000000 0x0000000000000000
XMM[1]=0x0000000000000000 0x0000000000000000
XMM[2]=0x0000000000000000 0x0000000000000000
XMM[3]=0x0000000000000000 0x0000000000000000
XMM[4]=0x0000000000000000 0x0000000000000000
XMM[5]=0x0000000000000000 0x0000000000000000
XMM[6]=0x0000000000000000 0x0000000000000000
XMM[7]=0x0000000000000000 0x0000000000000000
XMM[8]=0x0000000000000000 0x0000000000000000
XMM[9]=0x0000000000000000 0x0000000000000000
XMM[10]=0x0000000000000000 0x0000000000000000
XMM[11]=0x0000000000000000 0x0000000000000000
XMM[12]=0x0000000000000000 0x0000000000000000
XMM[13]=0x0000000000000000 0x0000000000000000
XMM[14]=0x0000000000000000 0x0000000000000000
XMM[15]=0x0000000000000000 0x0000000000000000
  MXCSR=0x00001fa0


Register to memory mapping:

RAX=0x0000000000000010 is an unknown value
RBX=0x0 is null
RCX=0xffffffffffffffff is an unknown value
RDX=0x007ffb437f2ff010 is an unknown value
RSP=0x0000009a100fefe0 is pointing into the stack for thread: 0x0000021c2d9daf20
RBP=0x0000021c2da129b0 points into unknown readable memory: 0x000000070215a818 | 18 a8 15 02 07 00 00 00
RSI=0x0000009a100ff150 is pointing into the stack for thread: 0x0000021c2d9daf20
RDI=0x0000021c2da129b0 points into unknown readable memory: 0x000000070215a818 | 18 a8 15 02 07 00 00 00
R8 =0x0000000000000042 is an unknown value
R9 =0x000000070215a818 is an oop: java.lang.Thread 
{0x000000070215a818} - klass: 'java/lang/Thread' - flags: 

 - ---- fields (total size 14 words):
 - 'threadLocalRandomProbe' 'I' @12  0 (0x00000000)
 - private volatile 'eetop' 'J' @16  2319503641472 (0x0000021c0d30cb80)
 - private final 'tid' 'J' @24  3 (0x0000000000000003)
 - 'threadLocalRandomSeed' 'J' @32  0 (0x0000000000000000)
 - injected 'jvmti_thread_state' 'J' @40  2320048658064 (0x0000021c2dad1690)
 - 'threadLocalRandomSecondarySeed' 'I' @48  572147819 (0x221a486b)
 - injected 'jvmti_VTMS_transition_disable_count' 'I' @52  0 (0x00000000)
 - injected 'jfr_epoch' 'S' @56  0 (0x0000)
 - volatile 'interrupted' 'Z' @58  false (0x00)
 - injected 'jvmti_is_in_VTMS_transition' 'Z' @59  false (0x00)
 - private volatile 'name' 'Ljava/lang/String;' @60  "main"{0x000000070215b0b0} (0xe042b616)
 - private volatile 'contextClassLoader' 'Ljava/lang/ClassLoader;' @64  a 'jdk/internal/loader/ClassLoaders$AppClassLoader'{0x0000000702000000} (0xe0400000)
 - private final 'holder' 'Ljava/lang/Thread$FieldHolder;' @68  a 'java/lang/Thread$FieldHolder'{0x000000070215b0e0} (0xe042b61c)
 - 'threadLocals' 'Ljava/lang/ThreadLocal$ThreadLocalMap;' @72  a 'java/lang/ThreadLocal$ThreadLocalMap'{0x000000070215b108} (0xe042b621)
 - 'inheritableThreadLocals' 'Ljava/lang/ThreadLocal$ThreadLocalMap;' @76  null (0x00000000)
 - private 'scopedValueBindings' 'Ljava/lang/Object;' @80  a 'java/lang/Class'{0x0000000702000a58} = 'java/lang/Thread' (0xe040014b)
 - final 'interruptLock' 'Ljava/lang/Object;' @84  a 'java/lang/Object'{0x00000007025c72c8} (0xe04b8e59)
 - private volatile 'parkBlocker' 'Ljava/lang/Object;' @88  null (0x00000000)
 - private 'nioBlocker' 'Lsun/nio/ch/Interruptible;' @92  null (0x00000000)
 - private 'cont' 'Ljdk/internal/vm/Continuation;' @96  null (0x00000000)
 - private volatile 'uncaughtExceptionHandler' 'Ljava/lang/Thread$UncaughtExceptionHandler;' @100  null (0x00000000)
 - private 'container' 'Ljdk/internal/vm/ThreadContainer;' @104  null (0x00000000)
 - private volatile 'headStackableScopes' 'Ljdk/internal/vm/StackableScope;' @108  null (0x00000000)
R10=0x00007ffb43a69fc0 jvm.dll
R11=0x000000000000016a is an unknown value
R12=0x0000009a100ff150 is pointing into the stack for thread: 0x0000021c2d9daf20
R13=0x0000021c0d769c70 points into unknown readable memory: 0x00007ffb439da510 | 10 a5 9d 43 fb 7f 00 00
R14=0x0000021c2d9db2e8 points into unknown readable memory: 0x00007ffb439d17b0 | b0 17 9d 43 fb 7f 00 00
R15=0x0000021c2d9db2e8 points into unknown readable memory: 0x00007ffb439d17b0 | b0 17 9d 43 fb 7f 00 00

Top of Stack: (sp=0x0000009a100fefe0)
0x0000009a100fefe0:   0000009a100ff150 0000021c2da129b0   P........).-....
0x0000009a100feff0:   0000000000000000 0000021c2d9db670   ........p..-....
0x0000009a100ff000:   000000000000001f 00007ffb62c92b9b   .........+.b....
0x0000009a100ff010:   0000000000000000 0000021c2d9db2e8   ...........-....
0x0000009a100ff020:   0000009a100ff101 0000000000000000   ................
0x0000009a100ff030:   0000021c762f7bb0 00007ffb62c917f4   .{/v.......b....
0x0000009a100ff040:   0000000000000000 000000000000001f   ................
0x0000009a100ff050:   0000000000000000 000000000000001f   ................
0x0000009a100ff060:   0000000b00000002 0000021c761e1530   ........0..v....
0x0000009a100ff070:   0000021c762f7bb0 0000021c762f7c2c   .{/v....,|/v....
0x0000009a100ff080:   0000021c762f7c58 0000000000001c68   X|/v....h.......
0x0000009a100ff090:   0000000000000000 0000000000000000   ................
0x0000009a100ff0a0:   0000000000000000 00007ffb432358e4   .........X#C....
0x0000009a100ff0b0:   00007ffb62dd4ca0 00000000000024ac   .L.b.....$......
0x0000009a100ff0c0:   00007ffb62dd4ca0 00000000ffffffff   .L.b............
0x0000009a100ff0d0:   0000000000000000 00007ffb62c9206a   ........j .b....
0x0000009a100ff0e0:   0000021c2d9db2e8 0000000000000000   ...-............
0x0000009a100ff0f0:   0000009a100ff159 0000021c0d769c70   Y.......p.v.....
0x0000009a100ff100:   00007ffbc30088b0 00007ffbc2ee0139   ........9.......
0x0000009a100ff110:   000000000000001b 00007ffbc34a8239   ........9.J.....
0x0000009a100ff120:   0000021c2d9db2e8 00007ffb62dd4ca0   ...-.....L.b....
0x0000009a100ff130:   000000000000000b 00007ffb434c1a92   ..........LC....
0x0000009a100ff140:   0000000000000000 0000021c2d9db2e8   ...........-....
0x0000009a100ff150:   0000021c74192b60 0000021c74192f40   `+.t....@/.t....
0x0000009a100ff160:   0000021c74192f40 00007ffb62dd4ca0   @/.t.....L.b....
0x0000009a100ff170:   0000021c0d77ebd8 0000009a100ff2e8   ..w.............
0x0000009a100ff180:   0000009a100ff420 0000000000008840    .......@.......
0x0000009a100ff190:   0000009a100ff600 00007ffb62dd4cf0   .........L.b....
0x0000009a100ff1a0:   0000000000989680 0000000000989680   ................
0x0000009a100ff1b0:   0000009a100ff2c0 00007ffb62c8cc21   ........!..b....
0x0000009a100ff1c0:   00007ffb62dd4ca0 00007ffb62dd4cf8   .L.b.....L.b....
0x0000009a100ff1d0:   00007ffb00000000 003f874800000001   ............H.?.

Instructions: (pc=0x00007ffb62c926c4)
  0x00007ffb62c925c4:   cc cc cc cc cc cc cc cc cc cc cc cc cc cc cc cc
  0x00007ffb62c925d4:   cc cc cc cc cc cc cc cc cc cc cc cc cc cc cc cc
  0x00007ffb62c925e4:   cc cc cc cc cc cc cc cc cc cc cc cc cc cc cc cc
  0x00007ffb62c925f4:   cc cc cc cc cc cc cc cc cc cc cc cc cc cc cc cc
  0x00007ffb62c92604:   cc cc cc cc cc cc cc cc cc cc cc cc cc cc cc cc
  0x00007ffb62c92614:   cc cc cc cc cc cc cc cc cc cc cc cc cc cc cc cc
  0x00007ffb62c92624:   cc cc cc cc cc cc cc cc cc cc cc cc cc cc cc cc
  0x00007ffb62c92634:   cc cc cc cc cc cc cc cc cc cc cc cc cc cc cc cc
  0x00007ffb62c92644:   cc cc cc cc cc cc cc cc cc cc cc cc 40 57 48 83
  0x00007ffb62c92654:   ec 20 48 8b f9 48 8b 0d 10 28 14 00 48 85 c9 74
  0x00007ffb62c92664:   20 48 8b 01 48 8d 54 24 38 41 b8 06 00 01 00 4c
  0x00007ffb62c92674:   8b 48 30 41 ff d1 85 c0 75 07 48 8b 4c 24 38 eb
  0x00007ffb62c92684:   02 33 c9 4c 8b 05 ea 28 14 00 48 89 5c 24 30 4d
  0x00007ffb62c92694:   85 c0 74 4a 48 8b 01 48 8b d7 4c 8b 88 28 03 00
  0x00007ffb62c926a4:   00 41 ff d1 48 85 c0 74 35 48 63 0d f8 e6 13 00
  0x00007ffb62c926b4:   48 8b 14 01 48 85 d2 74 15 48 63 05 fc e6 13 00
=>0x00007ffb62c926c4:   8b 04 10 48 8b 5c 24 30 48 83 c4 20 5f c3 b8 ff
  0x00007ffb62c926d4:   ff ff ff 48 8b 5c 24 30 48 83 c4 20 5f c3 80 3d
  0x00007ffb62c926e4:   9b 27 14 00 00 bb ff ff ff ff 74 20 4c 8b 0d 31
  0x00007ffb62c926f4:   24 14 00 4c 8d 44 24 38 48 8b 0d 15 24 14 00 48
  0x00007ffb62c92704:   8b d7 41 ff d1 85 c0 0f 44 5c 24 38 8b c3 48 8b
  0x00007ffb62c92714:   5c 24 30 48 83 c4 20 5f c3 cc cc cc cc cc cc cc
  0x00007ffb62c92724:   cc cc cc cc cc cc cc cc cc cc cc cc cc cc cc cc
  0x00007ffb62c92734:   cc cc cc cc cc cc cc cc cc cc cc cc cc cc cc cc
  0x00007ffb62c92744:   cc cc cc cc cc cc cc cc cc cc cc cc 48 89 54 24
  0x00007ffb62c92754:   10 53 55 56 57 41 56 41 57 48 83 ec 28 48 8b f2
  0x00007ffb62c92764:   4c 8b f1 48 89 4c 24 78 45 33 ff 44 89 7c 24 68
  0x00007ffb62c92774:   c7 44 24 60 01 00 00 00 48 8d 4c 24 68 e8 ed 42
  0x00007ffb62c92784:   f7 ff 8b d8 48 8d 4c 24 60 e8 e1 42 f7 ff 8b e8
  0x00007ffb62c92794:   49 8b ce e8 00 fc f6 ff 48 8b f8 90 8b c3 f0 0f
  0x00007ffb62c927a4:   b1 2f 74 04 f3 90 eb f4 4c 89 3e 4c 89 7e 08 4c
  0x00007ffb62c927b4:   89 7e 10 49 8b 6e 08 4d 8b 76 10 49 3b ee 0f 84


Stack slot to memory mapping:

stack at sp + 0 slots: 0x0000009a100ff150 is pointing into the stack for thread: 0x0000021c2d9daf20
stack at sp + 1 slots: 0x0000021c2da129b0 points into unknown readable memory: 0x000000070215a818 | 18 a8 15 02 07 00 00 00
stack at sp + 2 slots: 0x0 is null
stack at sp + 3 slots: 0x0000021c2d9db670 points into unknown readable memory: 0x6e616c2e6176616a | 6a 61 76 61 2e 6c 61 6e
stack at sp + 4 slots: 0x000000000000001f is an unknown value
stack at sp + 5 slots: 0x00007ffb62c92b9b libasyncProfiler.dll
stack at sp + 6 slots: 0x0 is null
stack at sp + 7 slots: 0x0000021c2d9db2e8 points into unknown readable memory: 0x00007ffb439d17b0 | b0 17 9d 43 fb 7f 00 00

Lock stack of current Java thread (top to bottom):


---------------  P R O C E S S  ---------------

Threads class SMR info:
_java_thread_list=0x0000021c760bc770, length=15, elements={
0x0000021c0d30cb80, 0x0000021c2d9d73a0, 0x0000021c0d49cd90, 0x0000021c0d49e0d0,
0x0000021c2d9daf20, 0x0000021c2d9dfea0, 0x0000021c2d9eb3f0, 0x0000021c2da12eb0,
0x0000021c2da17790, 0x0000021c2d9e96b0, 0x0000021c2dc56d70, 0x0000021c2d9e8f60,
0x0000021c2d9e9e00, 0x0000021c74683b20, 0x0000021c74686700
}

Java Threads: ( => current thread )
  0x0000021c0d30cb80 JavaThread "main"                              [_thread_in_native, id=17772, stack(0x0000009a0f500000,0x0000009a0f600000) (1024K)]
  0x0000021c2d9d73a0 JavaThread "Reference Handler"          daemon [_thread_blocked, id=15996, stack(0x0000009a0fd00000,0x0000009a0fe00000) (1024K)]
  0x0000021c0d49cd90 JavaThread "Finalizer"                  daemon [_thread_blocked, id=9376, stack(0x0000009a0fe00000,0x0000009a0ff00000) (1024K)]
  0x0000021c0d49e0d0 JavaThread "Signal Dispatcher"          daemon [_thread_blocked, id=18932, stack(0x0000009a0ff00000,0x0000009a10000000) (1024K)]
=>0x0000021c2d9daf20 JavaThread "Attach Listener"            daemon [_thread_in_native, id=15480, stack(0x0000009a10000000,0x0000009a10100000) (1024K)]
  0x0000021c2d9dfea0 JavaThread "Service Thread"             daemon [_thread_blocked, id=19520, stack(0x0000009a10100000,0x0000009a10200000) (1024K)]
  0x0000021c2d9eb3f0 JavaThread "Monitor Deflation Thread"   daemon [_thread_blocked, id=21084, stack(0x0000009a10200000,0x0000009a10300000) (1024K)]
  0x0000021c2da12eb0 JavaThread "C2 CompilerThread0"         daemon [_thread_blocked, id=18188, stack(0x0000009a10300000,0x0000009a10400000) (1024K)]
  0x0000021c2da17790 JavaThread "C1 CompilerThread0"         daemon [_thread_blocked, id=5744, stack(0x0000009a10400000,0x0000009a10500000) (1024K)]
  0x0000021c2d9e96b0 JavaThread "Common-Cleaner"             daemon [_thread_blocked, id=19008, stack(0x0000009a10500000,0x0000009a10600000) (1024K)]
  0x0000021c2dc56d70 JavaThread "JDWP Event Helper Thread"   daemon [_thread_blocked, id=23004, stack(0x0000009a10700000,0x0000009a10800000) (1024K)]
  0x0000021c2d9e8f60 JavaThread "IntelliJ Suspend Helper"    daemon [_thread_blocked, id=22692, stack(0x0000009a10900000,0x0000009a10a00000) (1024K)]
  0x0000021c2d9e9e00 JavaThread "Notification Thread"        daemon [_thread_blocked, id=15612, stack(0x0000009a10a00000,0x0000009a10b00000) (1024K)]
  0x0000021c74683b20 JavaThread "PostgreSQL-JDBC-Cleaner"    daemon [_thread_blocked, id=7892, stack(0x0000009a11300000,0x0000009a11400000) (1024K)]
  0x0000021c74686700 JavaThread "Hibernate Connection Pool Validation Thread" daemon [_thread_blocked, id=1796, stack(0x0000009a11400000,0x0000009a11500000) (1024K)]
Total: 15

Other Threads:
  0x0000021c0d493cc0 VMThread "VM Thread"                           [id=7240, stack(0x0000009a0fc00000,0x0000009a0fd00000) (1024K)]
  0x0000021c0d37c5b0 WorkerThread "GC Thread#0"                     [id=24476, stack(0x0000009a0f600000,0x0000009a0f700000) (1024K)]
  0x0000021c73d4fff0 WorkerThread "GC Thread#1"                     [id=2824, stack(0x0000009a0f400000,0x0000009a0f500000) (1024K)]
  0x0000021c73d4fc40 WorkerThread "GC Thread#2"                     [id=6796, stack(0x0000009a10b00000,0x0000009a10c00000) (1024K)]
  0x0000021c73d4f4e0 WorkerThread "GC Thread#3"                     [id=22788, stack(0x0000009a10c00000,0x0000009a10d00000) (1024K)]
  0x0000021c73d4e620 WorkerThread "GC Thread#4"                     [id=12104, stack(0x0000009a10d00000,0x0000009a10e00000) (1024K)]
  0x0000021c73d4f130 WorkerThread "GC Thread#5"                     [id=17776, stack(0x0000009a10e00000,0x0000009a10f00000) (1024K)]
  0x0000021c73f3c420 WorkerThread "GC Thread#6"                     [id=17536, stack(0x0000009a10f00000,0x0000009a11000000) (1024K)]
  0x0000021c73f3e550 WorkerThread "GC Thread#7"                     [id=7672, stack(0x0000009a11000000,0x0000009a11100000) (1024K)]
  0x0000021c0d3923b0 ConcurrentGCThread "G1 Main Marker"            terminated
  0x0000021c0d393570 WorkerThread "G1 Conc#0"                       [id=16200, stack(0x0000009a0f800000,0x0000009a0f900000) (1024K)]
  0x0000021c73f3ae00 WorkerThread "G1 Conc#1"                       [id=24356, stack(0x0000009a11100000,0x0000009a11200000) (1024K)]
  0x0000021c0d4671b0 ConcurrentGCThread "G1 Refine#0"               terminated
  0x0000021c0d467c40 ConcurrentGCThread "G1 Service"                terminated
Total: 14

Threads with active compile tasks:
Total: 0

VM state: not at safepoint (normal execution)

VM Mutex/Monitor currently owned by a thread: None

Heap address: 0x0000000701e00000, size: 4066 MB, Compressed Oops mode: Zero based, Oop shift amount: 3

CDS archive(s) mapped at: [0x0000021c2e000000-0x0000021c2ed40000-0x0000021c2ed40000), size 13893632, SharedBaseAddress: 0x0000021c2e000000, ArchiveRelocationMode: 1.
Compressed class space mapped at: 0x0000021c2f000000-0x0000021c6f000000, reserved size: 1073741824
UseCompressedClassPointers 1, UseCompactObjectHeaders 0
Narrow klass pointer bits 32, Max shift 3
Narrow klass base: 0x0000021c2e000000, Narrow klass shift: 0
Encoding Range: [0x0000021c2e000000 - 0x0000021d2e000000), (4294967296 bytes)
Klass Range:    [0x0000021c2e000000 - 0x0000021c6f000000), (1090519040 bytes)
Klass ID Range:  [8 - 1090519033) (1090519025)

GC Precious Log:
 CardTable entry size: 512
 Card Set container configuration: InlinePtr #cards 4 size 8 Array Of Cards #cards 16 size 48 Howl #buckets 8 coarsen threshold 3686 Howl Bitmap #cards 512 size 80 coarsen threshold 460 Card regions per heap region 1 cards per card region 4096
 CPUs: 8 total, 8 available
 Memory: 16263M
 Large Page Support: Disabled
 NUMA Support: Disabled
 Compressed Oops: Enabled (Zero based)
 Heap Region Size: 2M
 Heap Min Capacity: 8M
 Heap Initial Capacity: 256M
 Heap Max Capacity: 4066M
 Pre-touch: Disabled
 Parallel Workers: 8
 Concurrent Workers: 2
 Concurrent Refinement Workers: 8
 Periodic GC: Disabled

Heap:
 garbage-first heap   total reserved 4163584K, committed 55296K, used 26868K [0x0000000701e00000, 0x0000000800000000)
  region size 2048K, 8 young (16384K), 1 survivors (2048K)
 Metaspace       used 45323K, committed 45696K, reserved 1114112K
  class space    used 4810K, committed 4992K, reserved 1048576K

Heap Regions: E=young(eden), S=young(survivor), O=old, HS=humongous(starts), HC=humongous(continues), CS=collection set, F=free, TAMS=top-at-mark-start, PB=parsable bottom
|   0|0x0000000701e00000, 0x0000000701e96530, 0x0000000702000000| 29%| O|Cm|TAMS 0x0000000701e00000| PB 0x0000000701e00000| Complete |  0
|   1|0x0000000702000000, 0x0000000702200000, 0x0000000702200000|100%| O|  |TAMS 0x0000000702000000| PB 0x0000000702000000| Untracked |  0
|   2|0x0000000702200000, 0x0000000702400000, 0x0000000702400000|100%| O|  |TAMS 0x0000000702200000| PB 0x0000000702200000| Untracked |  0
|   3|0x0000000702400000, 0x0000000702600000, 0x0000000702600000|100%| O|  |TAMS 0x0000000702400000| PB 0x0000000702400000| Untracked |  0
|   4|0x0000000702600000, 0x0000000702800000, 0x0000000702800000|100%| O|  |TAMS 0x0000000702600000| PB 0x0000000702600000| Untracked |  0
|   5|0x0000000702800000, 0x0000000702a00000, 0x0000000702a00000|100%| O|  |TAMS 0x0000000702800000| PB 0x0000000702800000| Untracked |  0
|   6|0x0000000702a00000, 0x0000000702ba6d20, 0x0000000702c00000| 82%| O|  |TAMS 0x0000000702a00000| PB 0x0000000702a00000| Untracked |  0
|   7|0x0000000702c00000, 0x0000000702c00000, 0x0000000702e00000|  0%| F|  |TAMS 0x0000000702c00000| PB 0x0000000702c00000| Untracked |  0
|   8|0x0000000702e00000, 0x0000000702e00000, 0x0000000703000000|  0%| F|  |TAMS 0x0000000702e00000| PB 0x0000000702e00000| Untracked |  0
|   9|0x0000000703000000, 0x0000000703000000, 0x0000000703200000|  0%| F|  |TAMS 0x0000000703000000| PB 0x0000000703000000| Untracked |  0
|  10|0x0000000703200000, 0x0000000703400000, 0x0000000703400000|100%| S|CS|TAMS 0x0000000703200000| PB 0x0000000703200000| Complete |  0
|  11|0x0000000703400000, 0x0000000703400000, 0x0000000703600000|  0%| F|  |TAMS 0x0000000703400000| PB 0x0000000703400000| Untracked |  0
|  12|0x0000000703600000, 0x0000000703600000, 0x0000000703800000|  0%| F|  |TAMS 0x0000000703600000| PB 0x0000000703600000| Untracked |  0
|  13|0x0000000703800000, 0x0000000703800000, 0x0000000703a00000|  0%| F|  |TAMS 0x0000000703800000| PB 0x0000000703800000| Untracked |  0
|  14|0x0000000703a00000, 0x0000000703a00000, 0x0000000703c00000|  0%| F|  |TAMS 0x0000000703a00000| PB 0x0000000703a00000| Untracked |  0
|  15|0x0000000703c00000, 0x0000000703c00000, 0x0000000703e00000|  0%| F|  |TAMS 0x0000000703c00000| PB 0x0000000703c00000| Untracked |  0
|  16|0x0000000703e00000, 0x0000000703e00000, 0x0000000704000000|  0%| F|  |TAMS 0x0000000703e00000| PB 0x0000000703e00000| Untracked |  0
|  17|0x0000000704000000, 0x0000000704000000, 0x0000000704200000|  0%| F|  |TAMS 0x0000000704000000| PB 0x0000000704000000| Untracked |  0
|  18|0x0000000704200000, 0x0000000704200000, 0x0000000704400000|  0%| F|  |TAMS 0x0000000704200000| PB 0x0000000704200000| Untracked |  0
|  19|0x0000000704400000, 0x0000000704400000, 0x0000000704600000|  0%| F|  |TAMS 0x0000000704400000| PB 0x0000000704400000| Untracked |  0
|  20|0x0000000704600000, 0x00000007046c7b50, 0x0000000704800000| 39%| E|  |TAMS 0x0000000704600000| PB 0x0000000704600000| Complete |  0
|  21|0x0000000704800000, 0x0000000704a00000, 0x0000000704a00000|100%| E|CS|TAMS 0x0000000704800000| PB 0x0000000704800000| Complete |  0
|  22|0x0000000704a00000, 0x0000000704c00000, 0x0000000704c00000|100%| E|CS|TAMS 0x0000000704a00000| PB 0x0000000704a00000| Complete |  0
| 107|0x000000070f400000, 0x000000070f600000, 0x000000070f600000|100%| E|CS|TAMS 0x000000070f400000| PB 0x000000070f400000| Complete |  0
| 108|0x000000070f600000, 0x000000070f800000, 0x000000070f800000|100%| E|CS|TAMS 0x000000070f600000| PB 0x000000070f600000| Complete |  0
| 127|0x0000000711c00000, 0x0000000711e00000, 0x0000000711e00000|100%| E|CS|TAMS 0x0000000711c00000| PB 0x0000000711c00000| Complete |  0
|2032|0x00000007ffe00000, 0x0000000800000000, 0x0000000800000000|100%| E|CS|TAMS 0x00000007ffe00000| PB 0x00000007ffe00000| Complete |  0

Card table byte_map: [0x0000021c268a0000,0x0000021c270a0000] _byte_map_base: 0x0000021c23091000

Marking Bits: (CMBitMap*) 0x0000021c0d37cbd0
 Bits: [0x0000021c270a0000, 0x0000021c2b028000)

Polling page: 0x0000021c0b5d0000

Metaspace:

Usage:
  Non-class:     39.56 MB used.
      Class:      4.70 MB used.
       Both:     44.26 MB used.

Virtual space:
  Non-class space:       64.00 MB reserved,      39.75 MB ( 62%) committed,  1 nodes.
      Class space:        1.00 GB reserved,       4.88 MB ( <1%) committed,  1 nodes.
             Both:        1.06 GB reserved,      44.62 MB (  4%) committed. 

Chunk freelists:
   Non-Class:  7.44 MB
       Class:  11.11 MB
        Both:  18.55 MB

MaxMetaspaceSize: unlimited
CompressedClassSpaceSize: 1.00 GB
Initial GC threshold: 21.00 MB
Current GC threshold: 58.75 MB
CDS: on
 - commit_granule_bytes: 65536.
 - commit_granule_words: 8192.
 - virtual_space_node_default_size: 8388608.
 - enlarge_chunks_in_place: 1.
UseCompressedClassPointers 1, UseCompactObjectHeaders 0
Narrow klass pointer bits 32, Max shift 3
Narrow klass base: 0x0000021c2e000000, Narrow klass shift: 0
Encoding Range: [0x0000021c2e000000 - 0x0000021d2e000000), (4294967296 bytes)
Klass Range:    [0x0000021c2e000000 - 0x0000021c6f000000), (1090519040 bytes)
Klass ID Range:  [8 - 1090519033) (1090519025)


Internal statistics:

num_allocs_failed_limit: 6.
num_arena_births: 346.
num_arena_deaths: 0.
num_vsnodes_births: 2.
num_vsnodes_deaths: 0.
num_space_committed: 714.
num_space_uncommitted: 0.
num_chunks_returned_to_freelist: 6.
num_chunks_taken_from_freelist: 1683.
num_chunk_merges: 6.
num_chunk_splits: 1220.
num_chunks_enlarged: 1003.
num_inconsistent_stats: 0.

CodeHeap 'non-profiled nmethods': size=120064Kb used=435Kb max_used=435Kb free=119628Kb
 bounds [0x0000021c1e2c0000, 0x0000021c1e530000, 0x0000021c25800000]
CodeHeap 'profiled nmethods': size=120000Kb used=2038Kb max_used=2279Kb free=117961Kb
 bounds [0x0000021c16800000, 0x0000021c16a70000, 0x0000021c1dd30000]
CodeHeap 'non-nmethods': size=5696Kb used=1569Kb max_used=1586Kb free=4127Kb
 bounds [0x0000021c1dd30000, 0x0000021c1dfa0000, 0x0000021c1e2c0000]
CodeCache: size=245760Kb, used=4042Kb, max_used=4300Kb, free=241716Kb
 total_blobs=2020, nmethods=1345, adapters=581, full_count=0
Compilation: enabled, stopped_count=0, restarted_count=0

Compilation events (20 events):
Event: 86.551 Thread 0x0000021c2da12eb0 1498       4       java.util.ArrayList$Itr::next (66 bytes)
Event: 86.553 Thread 0x0000021c2da12eb0 nmethod 1498 0x0000021c1e32b288 code [0x0000021c1e32b3a0, 0x0000021c1e32b528]
Event: 86.553 Thread 0x0000021c2da12eb0 1495       4       jdk.internal.loader.URLClassPath$JarLoader::findResource (17 bytes)
Event: 86.553 Thread 0x0000021c2da17790 1499       3       java.util.concurrent.locks.AbstractQueuedSynchronizer::compareAndSetState (13 bytes)
Event: 86.553 Thread 0x0000021c2da17790 nmethod 1499 0x0000021c16806208 code [0x0000021c16806320, 0x0000021c16806440]
Event: 86.553 Thread 0x0000021c2da17790 1501       3       java.util.logging.LogManager$LoggerContext::requiresDefaultLoggers (29 bytes)
Event: 86.554 Thread 0x0000021c2da17790 nmethod 1501 0x0000021c16802288 code [0x0000021c168023c0, 0x0000021c16802740]
Event: 86.554 Thread 0x0000021c2da17790 1504       3       java.util.concurrent.ConcurrentHashMap$KeyIterator::next (34 bytes)
Event: 86.554 Thread 0x0000021c2da17790 nmethod 1504 0x0000021c16824908 code [0x0000021c16824a40, 0x0000021c16824da0]
Event: 86.554 Thread 0x0000021c2da17790 1502   !   3       java.util.logging.LogManager$LoggerContext::findLogger (113 bytes)
Event: 86.555 Thread 0x0000021c2da17790 nmethod 1502 0x0000021c16897188 code [0x0000021c168973a0, 0x0000021c16898868]
Event: 86.555 Thread 0x0000021c2da17790 1503       3       java.util.logging.Logger::ensureManagerInitialized (22 bytes)
Event: 86.556 Thread 0x0000021c2da17790 nmethod 1503 0x0000021c16828008 code [0x0000021c16828140, 0x0000021c16828448]
Event: 86.556 Thread 0x0000021c2da17790 1506       3       java.util.logging.Logger::updateEffectiveLevel (126 bytes)
Event: 86.557 Thread 0x0000021c2da17790 nmethod 1506 0x0000021c16821188 code [0x0000021c16821340, 0x0000021c16821fa8]
Event: 86.557 Thread 0x0000021c2da17790 1505       1       java.util.concurrent.CopyOnWriteArrayList::getArray (5 bytes)
Event: 86.557 Thread 0x0000021c2da17790 nmethod 1505 0x0000021c1e32b588 code [0x0000021c1e32b680, 0x0000021c1e32b748]
Event: 86.569 Thread 0x0000021c2da12eb0 nmethod 1495 0x0000021c1e32b888 code [0x0000021c1e32bac0, 0x0000021c1e32c708]
Event: 86.569 Thread 0x0000021c2da12eb0 1500       4       java.lang.String::hashCode (60 bytes)
Event: 86.572 Thread 0x0000021c2da12eb0 nmethod 1500 0x0000021c1e32c808 code [0x0000021c1e32c920, 0x0000021c1e32cc50]

GC Heap History (12 events):
Event: 45.783 GC heap before
{Heap before GC invocations=0 (full 0):
 garbage-first heap   total reserved 4163584K, committed 264192K, used 48244K [0x0000000701e00000, 0x0000000800000000)
  region size 2048K, 24 young (49152K), 0 survivors (0K)
 Metaspace       used 14193K, committed 14336K, reserved 1114112K
  class space    used 1387K, committed 1472K, reserved 1048576K
}
Event: 45.789 GC heap after
{Heap after GC invocations=1 (full 0):
 garbage-first heap   total reserved 4163584K, committed 264192K, used 7886K [0x0000000701e00000, 0x0000000800000000)
  region size 2048K, 3 young (6144K), 3 survivors (6144K)
 Metaspace       used 14193K, committed 14336K, reserved 1114112K
  class space    used 1387K, committed 1472K, reserved 1048576K
}
Event: 49.198 GC heap before
{Heap before GC invocations=1 (full 0):
 garbage-first heap   total reserved 4163584K, committed 264192K, used 38606K [0x0000000701e00000, 0x0000000800000000)
  region size 2048K, 19 young (38912K), 3 survivors (6144K)
 Metaspace       used 21337K, committed 21504K, reserved 1114112K
  class space    used 2160K, committed 2240K, reserved 1048576K
}
Event: 49.204 GC heap after
{Heap after GC invocations=2 (full 0):
 garbage-first heap   total reserved 4163584K, committed 264192K, used 10625K [0x0000000701e00000, 0x0000000800000000)
  region size 2048K, 5 young (10240K), 5 survivors (10240K)
 Metaspace       used 21337K, committed 21504K, reserved 1114112K
  class space    used 2160K, committed 2240K, reserved 1048576K
}
Event: 57.684 GC heap before
{Heap before GC invocations=3 (full 0):
 garbage-first heap   total reserved 4163584K, committed 49152K, used 45441K [0x0000000701e00000, 0x0000000800000000)
  region size 2048K, 22 young (45056K), 5 survivors (10240K)
 Metaspace       used 29654K, committed 29952K, reserved 1114112K
  class space    used 3007K, committed 3136K, reserved 1048576K
}
Event: 57.691 GC heap after
{Heap after GC invocations=4 (full 0):
 garbage-first heap   total reserved 4163584K, committed 61440K, used 13020K [0x0000000701e00000, 0x0000000800000000)
  region size 2048K, 6 young (12288K), 6 survivors (12288K)
 Metaspace       used 29654K, committed 29952K, reserved 1114112K
  class space    used 3007K, committed 3136K, reserved 1048576K
}
Event: 59.951 GC heap before
{Heap before GC invocations=4 (full 0):
 garbage-first heap   total reserved 4163584K, committed 61440K, used 37596K [0x0000000701e00000, 0x0000000800000000)
  region size 2048K, 18 young (36864K), 6 survivors (12288K)
 Metaspace       used 35227K, committed 35456K, reserved 1114112K
  class space    used 3527K, committed 3648K, reserved 1048576K
}
Event: 59.960 GC heap after
{Heap after GC invocations=5 (full 0):
 garbage-first heap   total reserved 4163584K, committed 61440K, used 13631K [0x0000000701e00000, 0x0000000800000000)
  region size 2048K, 2 young (4096K), 2 survivors (4096K)
 Metaspace       used 35227K, committed 35456K, reserved 1114112K
  class space    used 3527K, committed 3648K, reserved 1048576K
}
Event: 60.020 GC heap before
{Heap before GC invocations=5 (full 0):
 garbage-first heap   total reserved 4163584K, committed 61440K, used 13631K [0x0000000701e00000, 0x0000000800000000)
  region size 2048K, 3 young (6144K), 2 survivors (4096K)
 Metaspace       used 35776K, committed 35968K, reserved 1114112K
  class space    used 3562K, committed 3648K, reserved 1048576K
}
Event: 60.024 GC heap after
{Heap after GC invocations=6 (full 0):
 garbage-first heap   total reserved 4163584K, committed 61440K, used 14034K [0x0000000701e00000, 0x0000000800000000)
  region size 2048K, 1 young (2048K), 1 survivors (2048K)
 Metaspace       used 35776K, committed 35968K, reserved 1114112K
  class space    used 3562K, committed 3648K, reserved 1048576K
}
Event: 63.152 GC heap before
{Heap before GC invocations=7 (full 0):
 garbage-first heap   total reserved 4163584K, committed 55296K, used 42706K [0x0000000701e00000, 0x0000000800000000)
  region size 2048K, 16 young (32768K), 1 survivors (2048K)
 Metaspace       used 42584K, committed 42944K, reserved 1114112K
  class space    used 4554K, committed 4736K, reserved 1048576K
}
Event: 63.156 GC heap after
{Heap after GC invocations=8 (full 0):
 garbage-first heap   total reserved 4163584K, committed 55296K, used 14580K [0x0000000701e00000, 0x0000000800000000)
  region size 2048K, 1 young (2048K), 1 survivors (2048K)
 Metaspace       used 42584K, committed 42944K, reserved 1114112K
  class space    used 4554K, committed 4736K, reserved 1048576K
}

Dll operation events (13 events):
Event: 0.023 Loaded shared library C:\Program Files\Java\jdk-24\bin\java.dll
Event: 0.025 Loaded shared library C:\Program Files\Java\jdk-24\bin\zip.dll
Event: 0.060 Loaded shared library C:\Program Files\Java\jdk-24\bin\jsvml.dll
Event: 0.179 Loaded shared library C:\Program Files\Java\jdk-24\bin\instrument.dll
Event: 0.279 Loaded shared library C:\Program Files\Java\jdk-24\bin\net.dll
Event: 0.281 Loaded shared library C:\Program Files\Java\jdk-24\bin\nio.dll
Event: 0.296 Loaded shared library C:\Program Files\Java\jdk-24\bin\zip.dll
Event: 0.455 Loaded shared library C:\Program Files\Java\jdk-24\bin\jimage.dll
Event: 49.363 Loaded shared library C:\Program Files\Java\jdk-24\bin\extnet.dll
Event: 49.408 Loaded shared library C:\Program Files\Java\jdk-24\bin\management.dll
Event: 49.412 Loaded shared library C:\Program Files\Java\jdk-24\bin\management_ext.dll
Event: 57.460 Loaded shared library C:\Program Files\Java\jdk-24\bin\verify.dll
Event: 86.553 Loaded shared library C:\Users\Lenovo\AppData\Local\Temp\idea_libasyncProfiler_dll_temp_folder1\libasyncProfiler.dll

Deoptimization events (20 events):
Event: 1.158 Thread 0x0000021c0d30cb80 DEOPT PACKING pc=0x0000021c1692ba44 sp=0x0000009a0f5fd720
Event: 1.158 Thread 0x0000021c0d30cb80 DEOPT UNPACKING pc=0x0000021c1dd85722 sp=0x0000009a0f5fcbc8 mode 1
Event: 1.158 Thread 0x0000021c0d30cb80 DEOPT PACKING pc=0x0000021c16978024 sp=0x0000009a0f5fe090
Event: 1.158 Thread 0x0000021c0d30cb80 DEOPT UNPACKING pc=0x0000021c1dd85722 sp=0x0000009a0f5fd558 mode 1
Event: 1.334 Thread 0x0000021c0d30cb80 Uncommon trap: trap_request=0xffffff4d fr.pc=0x0000021c1e313f30 relative=0x0000000000000110
Event: 1.334 Thread 0x0000021c0d30cb80 Uncommon trap: reason=unstable_if action=reinterpret pc=0x0000021c1e313f30 method=sun.reflect.generics.parser.SignatureParser.current()C @ 39 c2
Event: 1.334 Thread 0x0000021c0d30cb80 DEOPT PACKING pc=0x0000021c1e313f30 sp=0x0000009a0f5fbd50
Event: 1.334 Thread 0x0000021c0d30cb80 DEOPT UNPACKING pc=0x0000021c1de56282 sp=0x0000009a0f5fbcf8 mode 2
Event: 1.363 Thread 0x0000021c0d30cb80 Uncommon trap: trap_request=0xffffff4d fr.pc=0x0000021c1e31ba50 relative=0x0000000000000050
Event: 1.363 Thread 0x0000021c0d30cb80 Uncommon trap: reason=unstable_if action=reinterpret pc=0x0000021c1e31ba50 method=java.lang.CharacterData.of(I)Ljava/lang/CharacterData; @ 4 c2
Event: 1.363 Thread 0x0000021c0d30cb80 DEOPT PACKING pc=0x0000021c1e31ba50 sp=0x0000009a0f5fb860
Event: 1.363 Thread 0x0000021c0d30cb80 DEOPT UNPACKING pc=0x0000021c1de56282 sp=0x0000009a0f5fb800 mode 2
Event: 1.368 Thread 0x0000021c0d30cb80 Uncommon trap: trap_request=0xffffff4d fr.pc=0x0000021c1e2ef640 relative=0x00000000000002a0
Event: 1.368 Thread 0x0000021c0d30cb80 Uncommon trap: reason=unstable_if action=reinterpret pc=0x0000021c1e2ef640 method=java.lang.String.hashCode()I @ 20 c2
Event: 1.368 Thread 0x0000021c0d30cb80 DEOPT PACKING pc=0x0000021c1e2ef640 sp=0x0000009a0f5fc0d0
Event: 1.368 Thread 0x0000021c0d30cb80 DEOPT UNPACKING pc=0x0000021c1de56282 sp=0x0000009a0f5fc060 mode 2
Event: 1.368 Thread 0x0000021c0d30cb80 Uncommon trap: trap_request=0xffffff4d fr.pc=0x0000021c1e2da308 relative=0x00000000000001e8
Event: 1.368 Thread 0x0000021c0d30cb80 Uncommon trap: reason=unstable_if action=reinterpret pc=0x0000021c1e2da308 method=jdk.internal.util.ArraysSupport.vectorizedHashCode(Ljava/lang/Object;IIII)I @ 2 c2
Event: 1.368 Thread 0x0000021c0d30cb80 DEOPT PACKING pc=0x0000021c1e2da308 sp=0x0000009a0f5fbf30
Event: 1.368 Thread 0x0000021c0d30cb80 DEOPT UNPACKING pc=0x0000021c1de56282 sp=0x0000009a0f5fbf00 mode 2

Classes loaded (20 events):
Event: 74.935 Loading class org/junit/platform/launcher/TestPlan
Event: 74.935 Loading class org/junit/platform/launcher/TestPlan done
Event: 74.943 Loading class org/junit/platform/launcher/core/DefaultLauncherSession$ClosedLauncher
Event: 74.943 Loading class org/junit/platform/launcher/core/DefaultLauncherSession$ClosedLauncher done
Event: 86.534 Loading class kotlinx/coroutines/debug/internal/DebugProbesImpl
Event: 86.534 Loading class kotlinx/coroutines/debug/internal/DebugProbesImpl done
Event: 86.546 Loading class jdk/internal/logger/LazyLoggers
Event: 86.546 Loading class jdk/internal/logger/LazyLoggers done
Event: 86.547 Loading class jdk/internal/logger/LazyLoggers$1
Event: 86.547 Loading class jdk/internal/logger/LazyLoggers$1 done
Event: 86.548 Loading class jdk/internal/logger/LazyLoggers$LazyLoggerFactories
Event: 86.548 Loading class jdk/internal/logger/LazyLoggers$LazyLoggerFactories done
Event: 86.549 Loading class jdk/internal/logger/LoggerFinderLoader
Event: 86.549 Loading class jdk/internal/logger/LoggerFinderLoader done
Event: 86.550 Loading class jdk/internal/logger/LoggerFinderLoader$TemporaryLoggerFinder
Event: 86.550 Loading class jdk/internal/logger/LoggerFinderLoader$TemporaryLoggerFinder done
Event: 86.550 Loading class sun/util/logging/internal/LoggingProviderImpl$JULWrapper
Event: 86.551 Loading class sun/util/logging/internal/LoggingProviderImpl$JULWrapper done
Event: 86.552 Loading class java/util/IdentityHashMap$KeyIterator
Event: 86.552 Loading class java/util/IdentityHashMap$KeyIterator done

Classes unloaded (0 events):
No events

Classes redefined (1 events):
Event: 0.236 Thread 0x0000021c0d493cc0 redefined class name=java.lang.Throwable, count=1

Internal exceptions (20 events):
Event: 61.981 Thread 0x0000021c0d30cb80 Exception <a 'java/lang/NoSuchMethodError'{0x0000000703e35e78}: 'java.lang.Object java.lang.invoke.DirectMethodHandle$Holder.newInvokeSpecial(java.lang.Object, java.lang.Object, int, java.lang.Object)'> (0x0000000703e35e78) 
thrown [s\open\src\hotspot\share\interpreter\linkResolver.cpp, line 805]
Event: 62.099 Thread 0x0000021c0d30cb80 Exception <a 'java/lang/NoSuchMethodError'{0x0000000703f567a0}: 'void java.lang.invoke.DirectMethodHandle$Holder.invokeSpecial(java.lang.Object, java.lang.Object, int, java.lang.Object)'> (0x0000000703f567a0) 
thrown [s\open\src\hotspot\share\interpreter\linkResolver.cpp, line 805]
Event: 62.105 Thread 0x0000021c0d30cb80 Exception <a 'java/lang/IncompatibleClassChangeError'{0x0000000703f68810}: Found class java.lang.Object, but interface was expected> (0x0000000703f68810) 
thrown [s\open\src\hotspot\share\interpreter\linkResolver.cpp, line 872]
Event: 62.235 Thread 0x0000021c0d30cb80 Exception <a 'java/lang/NoSuchMethodError'{0x0000000703d3efd8}: 'int java.lang.invoke.DirectMethodHandle$Holder.invokeStatic(java.lang.Object, int, java.lang.Object)'> (0x0000000703d3efd8) 
thrown [s\open\src\hotspot\share\interpreter\linkResolver.cpp, line 805]
Event: 62.250 Thread 0x0000021c0d30cb80 Exception <a 'java/lang/NoSuchMethodError'{0x0000000703d61140}: 'void java.lang.invoke.DirectMethodHandle$Holder.invokeSpecial(java.lang.Object, java.lang.Object, java.lang.Object, java.lang.Object, java.lang.Object, int, java.lang.Object, java.lang.Object)'> (0x0000000703d61140) 
thrown [s\open\src\hotspot\share\interpreter\linkResolver.cpp, line 805]
Event: 62.284 Thread 0x0000021c0d30cb80 Exception <a 'java/lang/NoSuchMethodError'{0x0000000703daf148}: 'java.lang.Object java.lang.invoke.DirectMethodHandle$Holder.newInvokeSpecial(java.lang.Object, java.lang.Object, java.lang.Object, java.lang.Object, java.lang.Object, java.lang.Object, java.lang.Object, java.lang.Object, java.lang.Object, java.lang.Object, java.lang.Object, java.lang.Object)'> (0x0000000703daf148) 
thrown [s\open\src\hotspot\share\interpreter\linkResolver.cpp, line 805]
Event: 62.287 Thread 0x0000021c0d30cb80 Exception <a 'java/lang/NoSuchMethodError'{0x0000000703db9560}: 'java.lang.Object java.lang.invoke.Invokers$Holder.linkToTargetMethod(java.lang.Object, java.lang.Object, java.lang.Object, java.lang.Object, java.lang.Object, java.lang.Object, java.lang.Object, java.lang.Object, java.lang.Object, java.lang.Object, java.lang.Object, java.lang.Object)'> (0x0000000703db9560) 
thrown [s\open\src\hotspot\share\interpreter\linkResolver.cpp, line 805]
Event: 62.503 Thread 0x0000021c0d30cb80 Exception <a 'java/lang/IncompatibleClassChangeError'{0x0000000703bf1bd0}: Found class java.lang.Object, but interface was expected> (0x0000000703bf1bd0) 
thrown [s\open\src\hotspot\share\interpreter\linkResolver.cpp, line 872]
Event: 63.257 Thread 0x0000021c0d30cb80 Exception <a 'java/lang/NoSuchMethodError'{0x00000007ffef1650}: 'java.lang.Object java.lang.invoke.DirectMethodHandle$Holder.invokeStaticInit(java.lang.Object, java.lang.Object, java.lang.Object, java.lang.Object, java.lang.Object, java.lang.Object, java.lang.Object)'> (0x00000007ffef1650) 
thrown [s\open\src\hotspot\share\interpreter\linkResolver.cpp, line 805]
Event: 63.263 Thread 0x0000021c0d30cb80 Exception <a 'java/lang/NoSuchMethodError'{0x00000007fff04730}: 'int java.lang.invoke.DirectMethodHandle$Holder.invokeStaticInit(java.lang.Object, java.lang.Object, java.lang.Object)'> (0x00000007fff04730) 
thrown [s\open\src\hotspot\share\interpreter\linkResolver.cpp, line 805]
Event: 63.265 Thread 0x0000021c0d30cb80 Exception <a 'java/lang/NoSuchMethodError'{0x00000007fff0cef8}: 'int java.lang.invoke.DirectMethodHandle$Holder.invokeStaticInit(java.lang.Object, int, int)'> (0x00000007fff0cef8) 
thrown [s\open\src\hotspot\share\interpreter\linkResolver.cpp, line 805]
Event: 63.269 Thread 0x0000021c0d30cb80 Exception <a 'java/lang/NoSuchMethodError'{0x00000007fff1da88}: 'int java.lang.invoke.DirectMethodHandle$Holder.invokeStaticInit(java.lang.Object, long, long)'> (0x00000007fff1da88) 
thrown [s\open\src\hotspot\share\interpreter\linkResolver.cpp, line 805]
Event: 63.273 Thread 0x0000021c0d30cb80 Exception <a 'java/lang/NoSuchMethodError'{0x00000007fff2e000}: 'int java.lang.invoke.DirectMethodHandle$Holder.invokeStaticInit(java.lang.Object, float, float)'> (0x00000007fff2e000) 
thrown [s\open\src\hotspot\share\interpreter\linkResolver.cpp, line 805]
Event: 63.277 Thread 0x0000021c0d30cb80 Exception <a 'java/lang/NoSuchMethodError'{0x00000007fff3e570}: 'int java.lang.invoke.DirectMethodHandle$Holder.invokeStaticInit(java.lang.Object, double, double)'> (0x00000007fff3e570) 
thrown [s\open\src\hotspot\share\interpreter\linkResolver.cpp, line 805]
Event: 63.279 Thread 0x0000021c0d30cb80 Exception <a 'java/lang/NoSuchMethodError'{0x00000007fff47890}: 'int java.lang.invoke.DirectMethodHandle$Holder.invokeStatic(java.lang.Object, long)'> (0x00000007fff47890) 
thrown [s\open\src\hotspot\share\interpreter\linkResolver.cpp, line 805]
Event: 63.285 Thread 0x0000021c0d30cb80 Exception <a 'java/lang/NoSuchMethodError'{0x00000007fff60ba0}: 'java.lang.Object java.lang.invoke.DirectMethodHandle$Holder.invokeStatic(java.lang.Object, long)'> (0x00000007fff60ba0) 
thrown [s\open\src\hotspot\share\interpreter\linkResolver.cpp, line 805]
Event: 63.287 Thread 0x0000021c0d30cb80 Exception <a 'java/lang/NoSuchMethodError'{0x00000007fff696f8}: 'java.lang.Object java.lang.invoke.DirectMethodHandle$Holder.invokeStatic(java.lang.Object, float)'> (0x00000007fff696f8) 
thrown [s\open\src\hotspot\share\interpreter\linkResolver.cpp, line 805]
Event: 63.302 Thread 0x0000021c0d30cb80 Exception <a 'java/lang/NoSuchMethodError'{0x00000007fffa2948}: 'int java.lang.invoke.Invokers$Holder.linkToTargetMethod(java.lang.Object, java.lang.Object)'> (0x00000007fffa2948) 
thrown [s\open\src\hotspot\share\interpreter\linkResolver.cpp, line 805]
Event: 63.741 Thread 0x0000021c0d30cb80 Exception <a 'java/lang/NoSuchMethodError'{0x000000070f559738}: 'int java.lang.invoke.DirectMethodHandle$Holder.invokeStatic(java.lang.Object, java.lang.Object, int, int)'> (0x000000070f559738) 
thrown [s\open\src\hotspot\share\interpreter\linkResolver.cpp, line 805]
Event: 67.679 Thread 0x0000021c0d30cb80 Exception <a 'java/lang/NoSuchMethodError'{0x0000000704a17f48}: 'void java.lang.invoke.DirectMethodHandle$Holder.invokeSpecialIFC(java.lang.Object, java.lang.Object, int, java.lang.Object, java.lang.Object, java.lang.Object, java.lang.Object)'> (0x0000000704a17f48) 
thrown [s\open\src\hotspot\share\interpreter\linkResolver.cpp, line 805]

VM Operations (20 events):
Event: 80.851 Executing VM operation: ChangeSingleStep
Event: 80.851 Executing VM operation: ChangeSingleStep done
Event: 80.855 Executing VM operation: get/set locals
Event: 80.856 Executing VM operation: get/set locals done
Event: 80.856 Executing VM operation: get/set locals
Event: 80.856 Executing VM operation: get/set locals done
Event: 80.856 Executing VM operation: get/set locals
Event: 80.856 Executing VM operation: get/set locals done
Event: 80.856 Executing VM operation: get/set locals
Event: 80.856 Executing VM operation: get/set locals done
Event: 80.857 Executing VM operation: get/set locals
Event: 80.857 Executing VM operation: get/set locals done
Event: 80.857 Executing VM operation: get/set locals
Event: 80.857 Executing VM operation: get/set locals done
Event: 80.857 Executing VM operation: get/set locals
Event: 80.857 Executing VM operation: get/set locals done
Event: 80.857 Executing VM operation: get/set locals
Event: 80.857 Executing VM operation: get/set locals done
Event: 80.857 Executing VM operation: get/set locals
Event: 80.857 Executing VM operation: get/set locals done

Memory protections (0 events):
No events

Nmethod flushes (20 events):
Event: 60.033 Thread 0x0000021c0d493cc0 flushing  nmethod 0x0000021c16869788
Event: 60.033 Thread 0x0000021c0d493cc0 flushing  nmethod 0x0000021c16894b08
Event: 60.033 Thread 0x0000021c0d493cc0 flushing  nmethod 0x0000021c16895788
Event: 60.033 Thread 0x0000021c0d493cc0 flushing  nmethod 0x0000021c16896488
Event: 60.033 Thread 0x0000021c0d493cc0 flushing  nmethod 0x0000021c16897188
Event: 60.033 Thread 0x0000021c0d493cc0 flushing  nmethod 0x0000021c16897588
Event: 60.033 Thread 0x0000021c0d493cc0 flushing  nmethod 0x0000021c16897c08
Event: 60.033 Thread 0x0000021c0d493cc0 flushing  nmethod 0x0000021c16898308
Event: 60.033 Thread 0x0000021c0d493cc0 flushing  nmethod 0x0000021c1689b788
Event: 60.033 Thread 0x0000021c0d493cc0 flushing  nmethod 0x0000021c1689e308
Event: 60.033 Thread 0x0000021c0d493cc0 flushing  nmethod 0x0000021c168a0a88
Event: 60.033 Thread 0x0000021c0d493cc0 flushing  nmethod 0x0000021c168a3c88
Event: 60.033 Thread 0x0000021c0d493cc0 flushing  nmethod 0x0000021c168cb288
Event: 60.033 Thread 0x0000021c0d493cc0 flushing  nmethod 0x0000021c168dc588
Event: 60.033 Thread 0x0000021c0d493cc0 flushing  nmethod 0x0000021c168ee588
Event: 60.033 Thread 0x0000021c0d493cc0 flushing  nmethod 0x0000021c1690a708
Event: 60.033 Thread 0x0000021c0d493cc0 flushing  nmethod 0x0000021c16931708
Event: 60.033 Thread 0x0000021c0d493cc0 flushing  nmethod 0x0000021c16951108
Event: 60.033 Thread 0x0000021c0d493cc0 flushing  nmethod 0x0000021c16962808
Event: 60.033 Thread 0x0000021c0d493cc0 flushing  nmethod 0x0000021c16993588

Events (20 events):
Event: 0.057 Thread 0x0000021c0d30cb80 Thread added: 0x0000021c2d9daf20
Event: 0.057 Thread 0x0000021c0d30cb80 Thread added: 0x0000021c2d9dfea0
Event: 0.057 Thread 0x0000021c0d30cb80 Thread added: 0x0000021c2d9eb3f0
Event: 0.058 Thread 0x0000021c0d30cb80 Thread added: 0x0000021c2da12eb0
Event: 0.058 Thread 0x0000021c0d30cb80 Thread added: 0x0000021c2da17790
Event: 0.128 Thread 0x0000021c0d30cb80 Thread added: 0x0000021c2d9e96b0
Event: 0.158 Thread 0x0000021c0d30cb80 Thread added: 0x0000021c2dc91380
Event: 0.158 Thread 0x0000021c0d30cb80 Thread added: 0x0000021c2dc56d70
Event: 0.159 Thread 0x0000021c2dc91380 Thread added: 0x0000021c2dc37e20
Event: 0.241 Thread 0x0000021c0d30cb80 Thread added: 0x0000021c2d9e8f60
Event: 0.252 Thread 0x0000021c0d30cb80 Thread added: 0x0000021c2d9e9e00
Event: 0.333 Thread 0x0000021c2da17790 Thread added: 0x0000021c7330da70
Event: 6.377 Thread 0x0000021c7330da70 Thread exited: 0x0000021c7330da70
Event: 52.825 Thread 0x0000021c0d30cb80 Thread added: 0x0000021c74683b20
Event: 55.616 Thread 0x0000021c0d30cb80 Thread added: 0x0000021c74686700
Event: 86.553 Thread 0x0000021c0d30cb80 Thread added: 0x0000021c760f7cb0
Event: 86.554 Thread 0x0000021c760f7cb0 Thread exited: 0x0000021c760f7cb0
Event: 86.554 Thread 0x0000021c0d30cb80 Before exit entered
Event: 86.556 Thread 0x0000021c2dc37e20 Thread exited: 0x0000021c2dc37e20
Event: 86.556 Thread 0x0000021c2dc91380 Thread exited: 0x0000021c2dc91380


Dynamic libraries:
0x00007ff63cde0000 - 0x00007ff63cdf0000 	C:\Program Files\Java\jdk-24\bin\java.exe
0x00007ffbc5d80000 - 0x00007ffbc5fe8000 	C:\WINDOWS\SYSTEM32\ntdll.dll
0x00007ffbc4ae0000 - 0x00007ffbc4ba9000 	C:\WINDOWS\System32\KERNEL32.DLL
0x00007ffbc3430000 - 0x00007ffbc3828000 	C:\WINDOWS\System32\KERNELBASE.dll
0x00007ffbc2ed0000 - 0x00007ffbc301b000 	C:\WINDOWS\System32\ucrtbase.dll
0x00007ffbb4b10000 - 0x00007ffbb4b2b000 	C:\Program Files\Java\jdk-24\bin\VCRUNTIME140.dll
0x00007ffbb3f80000 - 0x00007ffbb3f96000 	C:\Program Files\Java\jdk-24\bin\jli.dll
0x00007ffbc44d0000 - 0x00007ffbc4697000 	C:\WINDOWS\System32\USER32.dll
0x00007ffbab500000 - 0x00007ffbab794000 	C:\WINDOWS\WinSxS\amd64_microsoft.windows.common-controls_6595b64144ccf1df_6.0.26100.7019_none_3e06ffa0e335b8a8\COMCTL32.dll
0x00007ffbc38c0000 - 0x00007ffbc38e7000 	C:\WINDOWS\System32\win32u.dll
0x00007ffbc4bb0000 - 0x00007ffbc4c59000 	C:\WINDOWS\System32\msvcrt.dll
0x00007ffbc46d0000 - 0x00007ffbc46fb000 	C:\WINDOWS\System32\GDI32.dll
0x00007ffbc3020000 - 0x00007ffbc314c000 	C:\WINDOWS\System32\gdi32full.dll
0x00007ffbc3150000 - 0x00007ffbc31f3000 	C:\WINDOWS\System32\msvcp_win.dll
0x00007ffbc4400000 - 0x00007ffbc4431000 	C:\WINDOWS\System32\IMM32.DLL
0x00007ffbb3fb0000 - 0x00007ffbb3fbc000 	C:\Program Files\Java\jdk-24\bin\vcruntime140_1.dll
0x00007ffba0c40000 - 0x00007ffba0cce000 	C:\Program Files\Java\jdk-24\bin\msvcp140.dll
0x00007ffb42da0000 - 0x00007ffb43b42000 	C:\Program Files\Java\jdk-24\bin\server\jvm.dll
0x00007ffbc4dd0000 - 0x00007ffbc4e84000 	C:\WINDOWS\System32\ADVAPI32.dll
0x00007ffbc4930000 - 0x00007ffbc49d6000 	C:\WINDOWS\System32\sechost.dll
0x00007ffbc47c0000 - 0x00007ffbc48d8000 	C:\WINDOWS\System32\RPCRT4.dll
0x00007ffbc4f80000 - 0x00007ffbc4ff4000 	C:\WINDOWS\System32\WS2_32.dll
0x00007ffbc2d30000 - 0x00007ffbc2d8e000 	C:\WINDOWS\SYSTEM32\POWRPROF.dll
0x00007ffbb1410000 - 0x00007ffbb1445000 	C:\WINDOWS\SYSTEM32\WINMM.dll
0x00007ffbba630000 - 0x00007ffbba63b000 	C:\WINDOWS\SYSTEM32\VERSION.dll
0x00007ffbc2d10000 - 0x00007ffbc2d24000 	C:\WINDOWS\SYSTEM32\UMPDC.dll
0x00007ffbc1c90000 - 0x00007ffbc1cab000 	C:\WINDOWS\SYSTEM32\kernel.appcore.dll
0x00007ffbb3f70000 - 0x00007ffbb3f7a000 	C:\Program Files\Java\jdk-24\bin\jimage.dll
0x00007ffbbfdb0000 - 0x00007ffbbfff2000 	C:\WINDOWS\SYSTEM32\DBGHELP.DLL
0x00007ffbc51c0000 - 0x00007ffbc554b000 	C:\WINDOWS\System32\combase.dll
0x00007ffbc4290000 - 0x00007ffbc4367000 	C:\WINDOWS\System32\OLEAUT32.dll
0x00007ffb9d7b0000 - 0x00007ffb9d7ec000 	C:\WINDOWS\SYSTEM32\dbgcore.DLL
0x00007ffbc38f0000 - 0x00007ffbc3995000 	C:\WINDOWS\System32\bcryptPrimitives.dll
0x00007ffbae9e0000 - 0x00007ffbaea1c000 	C:\Program Files\Java\jdk-24\bin\jdwp.dll
0x00007ffbb0eb0000 - 0x00007ffbb0ebf000 	C:\Program Files\Java\jdk-24\bin\instrument.dll
0x00007ffbb3d70000 - 0x00007ffbb3d8e000 	C:\Program Files\Java\jdk-24\bin\java.dll
0x00007ffbc5020000 - 0x00007ffbc51b7000 	C:\WINDOWS\System32\ole32.dll
0x00007ffbc3b20000 - 0x00007ffbc426f000 	C:\WINDOWS\System32\SHELL32.dll
0x00007ffbc32c0000 - 0x00007ffbc342b000 	C:\WINDOWS\System32\wintypes.dll
0x00007ffb62c00000 - 0x00007ffb62df8000 	C:\Users\Lenovo\AppData\Local\Temp\idea_libasyncProfiler_dll_temp_folder1\libasyncProfiler.dll
0x00007ffbb1020000 - 0x00007ffbb1037000 	C:\Program Files\Java\jdk-24\bin\zip.dll
0x00007ffbc0b30000 - 0x00007ffbc138d000 	C:\WINDOWS\SYSTEM32\windows.storage.dll
0x00007ffbc57b0000 - 0x00007ffbc58a2000 	C:\WINDOWS\System32\SHCORE.dll
0x00007ffbc4f10000 - 0x00007ffbc4f77000 	C:\WINDOWS\System32\shlwapi.dll
0x00007ffbc2df0000 - 0x00007ffbc2e19000 	C:\WINDOWS\SYSTEM32\profapi.dll
0x00007ffb87c20000 - 0x00007ffb87cf7000 	C:\Program Files\Java\jdk-24\bin\jsvml.dll
0x00007ffbb0ea0000 - 0x00007ffbb0eac000 	C:\Program Files\Java\jdk-24\bin\dt_socket.dll
0x00007ffbc16f0000 - 0x00007ffbc1724000 	C:\WINDOWS\SYSTEM32\IPHLPAPI.DLL
0x00007ffbc2200000 - 0x00007ffbc226b000 	C:\WINDOWS\system32\mswsock.dll
0x00007ffbb3f20000 - 0x00007ffbb3f30000 	C:\Program Files\Java\jdk-24\bin\net.dll
0x00007ffbb3560000 - 0x00007ffbb3576000 	C:\Program Files\Java\jdk-24\bin\nio.dll
0x00007ffbc24c0000 - 0x00007ffbc24db000 	C:\WINDOWS\SYSTEM32\CRYPTSP.dll
0x00007ffbc1bf0000 - 0x00007ffbc1c2a000 	C:\WINDOWS\system32\rsaenh.dll
0x00007ffbc22b0000 - 0x00007ffbc22db000 	C:\WINDOWS\SYSTEM32\USERENV.dll
0x00007ffbc2dc0000 - 0x00007ffbc2dea000 	C:\WINDOWS\SYSTEM32\bcrypt.dll
0x00007ffbc24e0000 - 0x00007ffbc24ec000 	C:\WINDOWS\SYSTEM32\CRYPTBASE.dll
0x00007ffbc5000000 - 0x00007ffbc500a000 	C:\WINDOWS\System32\NSI.dll
0x00007ffbc1790000 - 0x00007ffbc18bc000 	C:\WINDOWS\SYSTEM32\DNSAPI.dll
0x00007ffbb9910000 - 0x00007ffbb991b000 	C:\Windows\System32\rasadhlp.dll
0x00007ffbb4530000 - 0x00007ffbb45b6000 	C:\WINDOWS\System32\fwpuclnt.dll
0x00007ffbb0d60000 - 0x00007ffbb0d69000 	C:\Program Files\Java\jdk-24\bin\extnet.dll
0x00007ffbb0d50000 - 0x00007ffbb0d5a000 	C:\Program Files\Java\jdk-24\bin\management.dll
0x00007ffbaf3b0000 - 0x00007ffbaf3bb000 	C:\Program Files\Java\jdk-24\bin\management_ext.dll
0x00007ffbc4280000 - 0x00007ffbc4288000 	C:\WINDOWS\System32\PSAPI.DLL
0x00007ffbaf3a0000 - 0x00007ffbaf3b0000 	C:\Program Files\Java\jdk-24\bin\verify.dll

dbghelp: loaded successfully - version: 4.0.5 - missing functions: none
symbol engine: initialized successfully - sym options: 0x614 - pdb path: .;C:\Program Files\Java\jdk-24\bin;C:\WINDOWS\SYSTEM32;C:\WINDOWS\WinSxS\amd64_microsoft.windows.common-controls_6595b64144ccf1df_6.0.26100.7019_none_3e06ffa0e335b8a8;C:\Program Files\Java\jdk-24\bin\server;C:\Users\Lenovo\AppData\Local\Temp\idea_libasyncProfiler_dll_temp_folder1

VM Arguments:
jvm_args: -agentlib:jdwp=transport=dt_socket,address=127.0.0.1:49543,suspend=y,server=n -javaagent:C:\Users\Lenovo\AppData\Local\JetBrains\IntelliJIdea2025.1\captureAgent\debugger-agent.jar=file:///C:/Users/Lenovo/AppData/Local/Temp/capture17211858220396136429.props -ea -agentpath:C:\Users\Lenovo\AppData\Local\Temp\idea_libasyncProfiler_dll_temp_folder1\libasyncProfiler.dll=version,jfr,event=wall,interval=10ms,cstack=no,file=C:\Users\Lenovo\IdeaSnapshots\CursoTest_consultarPorId_2025_12_06_185208.jfr,dbghelppath=C:\Users\Lenovo\AppData\Local\Temp\idea_dbghelp_dll_temp_folder\dbghelp.dll,log=C:\Users\Lenovo\AppData\Local\Temp\CursoTest_consultarPorId_2025_12_06_185208.jfr.log.txt,logLevel=DEBUG -Didea.test.cyclic.buffer.size=1048576 -Dkotlinx.coroutines.debug.enable.creation.stack.trace=false -Ddebugger.agent.enable.coroutines=true -Dkotlinx.coroutines.debug.enable.flows.stack.trace=true -Dkotlinx.coroutines.debug.enable.mutable.state.flows.stack.trace=true -Dfile.encoding=UTF-8 -Dsun.stdout.encoding=UTF-8 -Dsun.stderr.encoding=UTF-8 
java_command: com.intellij.rt.junit.JUnitStarter -ideVersion5 -junit5 br.com.carlosbrito.CursoTest,consultarPorId
java_class_path (initial): C:\Users\Lenovo\.m2\repository\org\junit\platform\junit-platform-launcher\1.10.2\junit-platform-launcher-1.10.2.jar;C:\Users\Lenovo\AppData\Local\JetBrains\IntelliJ IDEA 2025.1\lib\idea_rt.jar;C:\Users\Lenovo\AppData\Local\JetBrains\IntelliJ IDEA 2025.1\plugins\junit\lib\junit5-rt.jar;C:\Users\Lenovo\AppData\Local\JetBrains\IntelliJ IDEA 2025.1\plugins\junit\lib\junit-rt.jar;C:\Users\Lenovo\Documents\FullStack JAVA - EBAC\ebac-fullstack-java\08-banco-de-dados\HibernateJPA\target\test-classes;C:\Users\Lenovo\Documents\FullStack JAVA - EBAC\ebac-fullstack-java\08-banco-de-dados\HibernateJPA\target\classes;C:\Users\Lenovo\.m2\repository\org\openjfx\javafx-controls\17.0.6\javafx-controls-17.0.6.jar;C:\Users\Lenovo\.m2\repository\org\openjfx\javafx-controls\17.0.6\javafx-controls-17.0.6-win.jar;C:\Users\Lenovo\.m2\repository\org\openjfx\javafx-graphics\17.0.6\javafx-graphics-17.0.6.jar;C:\Users\Lenovo\.m2\repository\org\openjfx\javafx-graphics\17.0.6\javafx-graphics-17.0.6-win.jar;C:\Users\Lenovo\.m2\repository\org\openjfx\javafx-base\17.0.6\javafx-base-17.0.6.jar;C:\Users\Lenovo\.m2\repository\org\openjfx\javafx-base\17.0.6\javafx-base-17.0.6-win.jar;C:\Users\Lenovo\.m2\repository\org\openjfx\javafx-fxml\17.0.6\javafx-fxml-17.0.6.jar;C:\Users\Lenovo\.m2\repository\org\openjfx\javafx-fxml\17.0.6\javafx-fxml-17.0.6-win.jar;C:\Users\Lenovo\.m2\repository\org\postgresql\postgresql\42.7.1\postgresql-42.7.1.jar;C:\Users\Lenovo\.m2\repository\org\checkerframework\checker-qual\3.41.0\checker-qual-3.41.0.jar;C:\Users\Lenovo\.m2\repository\org\hibernate\orm\hibernate-core\7.1.11.Final\hibernate-core-7.1.11.Final.jar;C:\Users\Lenovo\.m2\repository\jakarta\persistence\jakarta.persistence-api\3.2.0\jakarta.persistence-api-3.2.0.jar;C:\Users\Lenovo\.m2\repository\jakarta\transaction\jakarta.transaction-api\2.0.1\jakarta.transaction-api-2.0.1.jar;C:\Users\Lenovo\.m2\repository\org\jboss\logging\jboss-logging\3.6.1.Final\jboss-logging-3.6.1.Final.jar;C:\Users\Lenovo\.m2\repository\org\hibernate\models\hibernate-models\1.0.1\hibernate-models-1.0.1.jar;C:\Users\Lenovo\.m2\repository\com\fasterxml\classmate\1.7.0\classmate-1.7.0.jar;C:\Users\Lenovo\.m2\repository\net\bytebuddy\byte-buddy\1.17.6\byte-buddy-1.17.6.jar;C:\Users\Lenovo\.m2\repository\jakarta\xml\bind\jakarta.xml.bind-api\4.0.2\jakarta.xml.bind-api-4.0.2.jar;C:\Users\Lenovo\.m2\repository\jakarta\activation\jakarta.activation-api\2.1.3\jakarta.activation-api-2.1.3.jar;C:\Users\Lenovo\.m2\repository\org\glassfish\jaxb\jaxb-runtime\4.0.5\jaxb-runtime-4.0.5.jar;C:\Users\Lenovo\.m2\repository\org\glassfish\jaxb\jaxb-core\4.0.5\jaxb-core-4.0.5.jar;C:\Users\Lenovo\.m2\repository\org\eclipse\angus\angus-activation\2.0.2\angus-activation-2.0.2.jar;C:\Users\Lenovo\.m2\repository\org\glassfish\jaxb\txw2\4.0.5\txw2-4.0.5.jar;C:\Users\Lenovo\.m2\repository\com\sun\istack\istack-commons-runtime\4.1.2\istack-commons-runtime-4.1.2.jar;C:\Users\Lenovo\.m2\repository\jakarta\inject\jakarta.inject-api\2.0.1\jakarta.inject-api-2.0.1.jar;C:\Users\Lenovo\.m2\repository\org\antlr\antlr4-runtime\4.13.2\antlr4-runtime-4.13.2.jar;C:\Users\Lenovo\.m2\repository\org\junit\jupiter\junit-jupiter-api\5.10.2\junit-jupiter-api-5.10.2.jar;C:\Users\Lenovo\.m2\repository\org\opentest4j\opentest4j\1.3.0\opentest4j-1.3.0.jar;C:\Users\Lenovo\.m2\repository\org\junit\platform\junit-platform-commons\1.10.2\junit-platform-commons-1.10.2.jar;C:\Users\Lenovo\.m2\repository\org\apiguardian\apiguardian-api\1.1.2\apiguardian-api-1.1.2.jar;C:\Users\Lenovo\.m2\repository\org\junit\jupiter\junit-jupiter-engine\5.10.2\junit-jupiter-engine-5.10.2.jar;C:\Users\Lenovo\.m2\repository\org\junit\platform\junit-platform-engine\1.10.2\junit-platform-engine-1.10.2.jar
Launcher Type: SUN_STANDARD

[Global flags]
     intx CICompilerCount                          = 4                                         {product} {ergonomic}
     uint ConcGCThreads                            = 2                                         {product} {ergonomic}
     uint G1ConcRefinementThreads                  = 8                                         {product} {ergonomic}
   size_t G1HeapRegionSize                         = 2097152                                   {product} {ergonomic}
   size_t InitialHeapSize                          = 268435456                                 {product} {ergonomic}
   size_t MarkStackSize                            = 4194304                                   {product} {ergonomic}
   size_t MarkStackSizeMax                         = 536870912                                 {product} {ergonomic}
   size_t MaxHeapSize                              = 4263510016                                {product} {ergonomic}
   size_t MaxNewSize                               = 2556428288                                {product} {ergonomic}
   size_t MinHeapDeltaBytes                        = 2097152                                   {product} {ergonomic}
   size_t MinHeapSize                              = 8388608                                   {product} {ergonomic}
    uintx NonNMethodCodeHeapSize                   = 5832704                                {pd product} {ergonomic}
    uintx NonProfiledCodeHeapSize                  = 122945536                              {pd product} {ergonomic}
    uintx ProfiledCodeHeapSize                     = 122880000                              {pd product} {ergonomic}
    uintx ReservedCodeCacheSize                    = 251658240                              {pd product} {ergonomic}
     bool SegmentedCodeCache                       = true                                      {product} {ergonomic}
   size_t SoftMaxHeapSize                          = 4263510016                             {manageable} {ergonomic}
     bool UseCompressedOops                        = true                           {product lp64_product} {ergonomic}
     bool UseG1GC                                  = true                                      {product} {ergonomic}
     bool UseLargePagesIndividualAllocation        = false                                  {pd product} {ergonomic}

Logging:
Log output configuration:
 #0: stdout all=warning uptime,level,tags foldmultilines=false
 #1: stderr all=off uptime,level,tags foldmultilines=false

Environment Variables:
JAVA_HOME=C:\Program Files\Java\jdk-24
PATH=C:\Program Files\Common Files\Oracle\Java\javapath;C:\Program Files (x86)\Common Files\Oracle\Java\java8path;C:\Program Files (x86)\Common Files\Oracle\Java\javapath;C:\WINDOWS\system32;C:\WINDOWS;C:\WINDOWS\System32\Wbem;C:\WINDOWS\System32\WindowsPowerShell\v1.0\;C:\WINDOWS\System32\OpenSSH\;C:\Program Files\Intel\WiFi\bin\;C:\Program Files\Common Files\Intel\WirelessCommon\;C:\Program Files\nodejs\;C:\Program Files\Git\cmd;C:\Program Files\dotnet\;C:\Windows\Microsoft.NET\Framework64\v4.0.30319;C:\Program Files\Java\jdk-24\bin;C:\Program Files\MySQL\MySQL Server 9.3\bin;;C:\ProgramData\chocolatey\bin;C:\tools\php85;C:\Users\Lenovo\AppData\Local\Programs\oh-my-posh\bin\;C:\Users\Lenovo\AppData\Local\Programs\Python\Python313\Scripts\;C:\Users\Lenovo\AppData\Local\Programs\Python\Python313\;C:\Users\Lenovo\AppData\Local\Programs\Python\Launcher\;C:\Users\Lenovo\AppData\Local\Microsoft\WindowsApps;C:\Users\Lenovo\AppData\Local\Programs\Microsoft VS Code\bin;C:\Users\Lenovo\AppData\Roaming\npm;C:\Users\Lenovo\.dotnet\tools;C:\Windows\Microsoft.NET\Framework64\v4.0.30319;C:\Program Files\JetBrains\IntelliJ IDEA Community Edition 2024.3.5\bin;;C:\ProgramData\Lenovo\GitHubDesktop\bin;C:\Users\Lenovo\AppData\Local\JetBrains\IntelliJ IDEA 2025.1\bin;;C:\Program Files\MySQL\MySQL Server 9.3\bin;
USERNAME=Lenovo
OS=Windows_NT
PROCESSOR_IDENTIFIER=Intel64 Family 6 Model 142 Stepping 10, GenuineIntel
TMP=C:\Users\Lenovo\AppData\Local\Temp
TEMP=C:\Users\Lenovo\AppData\Local\Temp




Periodic native trim disabled

---------------  S Y S T E M  ---------------

OS:
 Windows 11 , 64 bit Build 26100 (10.0.26100.7019)
OS uptime: 6 days 0:47 hours

CPU: total 8 (initial active 8) (4 cores per cpu, 2 threads per core) family 6 model 142 stepping 10 microcode 0xf4, cx8, cmov, fxsr, ht, mmx, 3dnowpref, sse, sse2, sse3, ssse3, sse4.1, sse4.2, popcnt, lzcnt, tsc, tscinvbit, avx, avx2, aes, erms, clmul, bmi1, bmi2, rtm, adx, fma, vzeroupper, clflush, clflushopt, rdtscp, f16c
Processor Information for the first 8 processors :
  Max Mhz: 2112, Current Mhz: 1910, Mhz Limit: 1900

Memory: 4k page, system-wide physical 16263M (4577M free)
TotalPageFile size 32647M (AvailPageFile size 14183M)
current process WorkingSet (physical memory assigned to process): 203M, peak: 203M
current process commit charge ("private bytes"): 248M, peak: 400M

vm_info: Java HotSpot(TM) 64-Bit Server VM (24+36-3646) for windows-amd64 JRE (24+36-3646), built on 2025-02-06T00:20:43Z with MS VC++ 17.6 (VS2022)

END.
